<?xml version="1.0" encoding="UTF-8"?>
<testsuite name="com.example.demo.rxjava.RxJavaTest" tests="1" skipped="0" failures="0" errors="0" timestamp="2020-12-27T08:57:03" hostname="kakaoui-MacBook-Pro-2.local" time="0.078">
  <properties/>
  <testcase name="testZip()" classname="com.example.demo.rxjava.RxJavaTest" time="0.078"/>
  <system-out><![CDATA[A6
B7
C8
D9
E10
]]></system-out>
  <system-err><![CDATA[]]></system-err>
</testsuite>
